mode: set
httpsserver/cmd/server/main.go:16.13,22.16 3 0
httpsserver/cmd/server/main.go:22.16,24.3 1 0
httpsserver/cmd/server/main.go:25.2,40.74 6 0
httpsserver/cmd/server/main.go:40.74,53.3 1 0
httpsserver/cmd/server/main.go:56.2,56.29 1 0
httpsserver/cmd/server/main.go:56.29,61.36 4 0
httpsserver/cmd/server/main.go:61.36,64.4 2 0
httpsserver/cmd/server/main.go:66.3,66.11 1 0
httpsserver/cmd/server/main.go:70.2,77.83 4 0
httpsserver/internal/handler/handler.go:23.59,28.2 1 0
httpsserver/internal/handler/handler.go:31.56,38.47 4 0
httpsserver/internal/handler/handler.go:38.47,43.75 3 0
httpsserver/internal/handler/handler.go:43.75,45.4 1 0
httpsserver/internal/handler/handler.go:47.3,48.9 2 0
httpsserver/internal/handler/handler.go:52.2,56.34 2 0
httpsserver/internal/handler/handler.go:56.34,60.79 2 0
httpsserver/internal/handler/handler.go:60.79,62.4 1 0
httpsserver/internal/handler/handler.go:64.3,65.9 2 0
httpsserver/internal/handler/handler.go:69.2,69.19 1 0
httpsserver/internal/handler/handler.go:70.22,71.32 1 0
httpsserver/internal/handler/handler.go:72.10,77.78 3 0
httpsserver/internal/handler/handler.go:77.78,79.4 1 0
httpsserver/internal/handler/handler.go:81.3,81.48 1 0
httpsserver/internal/handler/handler.go:86.81,91.16 3 0
httpsserver/internal/handler/handler.go:91.16,96.75 3 0
httpsserver/internal/handler/handler.go:96.75,98.4 1 0
httpsserver/internal/handler/handler.go:100.3,101.9 2 0
httpsserver/internal/handler/handler.go:105.2,106.29 2 0
httpsserver/internal/handler/handler.go:106.29,108.3 1 0
httpsserver/internal/handler/handler.go:108.8,110.3 1 0
httpsserver/internal/handler/handler.go:113.2,114.16 2 0
httpsserver/internal/handler/handler.go:114.16,116.3 1 0
httpsserver/internal/handler/handler.go:116.8,119.3 2 0
httpsserver/internal/handler/handler.go:121.2,121.29 1 0
httpsserver/config.go:34.26,55.2 13 0
httpsserver/config.go:58.46,59.42 1 0
httpsserver/config.go:59.42,61.3 1 0
httpsserver/config.go:62.2,62.21 1 0
httpsserver/config.go:66.34,68.2 1 0
httpsserver/main.go:56.13,71.74 6 0
httpsserver/main.go:71.74,84.3 1 0
httpsserver/main.go:87.2,87.29 1 0
httpsserver/main.go:87.29,92.36 4 0
httpsserver/main.go:92.36,95.4 2 0
httpsserver/main.go:97.3,97.11 1 0
httpsserver/main.go:101.2,108.92 4 0
httpsserver/main.go:111.15,116.16 4 0
httpsserver/main.go:116.16,118.3 1 0
httpsserver/main.go:121.2,122.16 2 0
httpsserver/main.go:122.16,124.3 1 0
httpsserver/main.go:126.2,126.38 1 0
httpsserver/main.go:129.43,136.47 4 0
httpsserver/main.go:136.47,143.75 3 0
httpsserver/main.go:143.75,145.4 1 0
httpsserver/main.go:146.3,147.9 2 0
httpsserver/main.go:151.2,155.90 2 0
httpsserver/main.go:155.90,162.79 3 0
httpsserver/main.go:162.79,164.4 1 0
httpsserver/main.go:165.3,166.9 2 0
httpsserver/main.go:169.2,172.19 2 0
httpsserver/main.go:173.22,174.30 1 0
httpsserver/main.go:175.10,182.78 3 0
httpsserver/main.go:182.78,184.4 1 0
httpsserver/main.go:185.3,185.48 1 0
httpsserver/main.go:189.62,198.34 5 0
httpsserver/main.go:198.34,200.3 1 0
httpsserver/main.go:201.2,201.32 1 0
httpsserver/main.go:201.32,203.3 1 0
httpsserver/main.go:204.2,204.33 1 0
httpsserver/main.go:204.33,206.3 1 0
httpsserver/main.go:207.2,207.31 1 0
httpsserver/main.go:207.31,209.3 1 0
httpsserver/main.go:209.8,211.3 1 0
httpsserver/main.go:214.2,214.34 1 0
httpsserver/main.go:214.34,217.3 2 0
httpsserver/main.go:218.2,218.32 1 0
httpsserver/main.go:218.32,221.3 2 0
httpsserver/main.go:222.2,222.35 1 0
httpsserver/main.go:222.35,225.3 2 0
httpsserver/main.go:226.2,226.33 1 0
httpsserver/main.go:226.33,229.3 2 0
httpsserver/main.go:230.2,230.33 1 0
httpsserver/main.go:230.33,233.3 2 0
httpsserver/main.go:234.2,234.36 1 0
httpsserver/main.go:234.36,237.3 2 0
httpsserver/main.go:238.2,238.29 1 0
httpsserver/main.go:238.29,241.3 2 0
httpsserver/main.go:244.2,245.29 2 0
httpsserver/main.go:245.29,248.17 3 0
httpsserver/main.go:248.17,255.81 3 0
httpsserver/main.go:255.81,257.5 1 0
httpsserver/main.go:258.4,259.10 2 0
httpsserver/main.go:261.3,261.45 1 0
httpsserver/main.go:265.2,271.16 5 0
httpsserver/main.go:271.16,278.80 3 0
httpsserver/main.go:278.80,280.4 1 0
httpsserver/main.go:281.3,282.9 2 0
httpsserver/main.go:284.2,288.18 3 0
httpsserver/main.go:288.18,295.17 3 0
httpsserver/main.go:295.17,302.80 3 0
httpsserver/main.go:302.80,304.5 1 0
httpsserver/main.go:305.4,306.10 2 0
httpsserver/main.go:308.3,308.34 1 0
httpsserver/main.go:312.2,317.29 2 0
httpsserver/main.go:317.29,319.3 1 0
httpsserver/main.go:321.2,322.29 2 0
httpsserver/main.go:322.29,324.3 1 0
httpsserver/main.go:327.2,328.16 2 0
httpsserver/main.go:328.16,330.3 1 0
httpsserver/main.go:330.8,333.3 2 0
httpsserver/main.go:335.2,335.33 1 0
httpsserver/main.go:338.31,340.77 1 0
httpsserver/main.go:340.77,342.3 1 0
httpsserver/main.go:344.2,352.66 4 0
httpsserver/main.go:355.39,358.2 2 0
httpsserver/internal/auth/auth.go:16.39,20.2 1 1
httpsserver/internal/auth/auth.go:23.63,28.88 2 1
httpsserver/internal/auth/auth.go:28.88,31.3 2 1
httpsserver/internal/auth/auth.go:33.2,34.13 2 1
httpsserver/internal/config/config.go:34.21,55.2 13 1
httpsserver/internal/config/config.go:58.34,60.2 1 1
httpsserver/internal/config/config.go:63.46,64.42 1 1
httpsserver/internal/config/config.go:64.42,66.3 1 1
httpsserver/internal/config/config.go:67.2,67.21 1 1
httpsserver/internal/database/database.go:20.43,24.16 3 1
httpsserver/internal/database/database.go:24.16,26.3 1 0
httpsserver/internal/database/database.go:29.2,30.16 2 1
httpsserver/internal/database/database.go:30.16,32.3 1 1
httpsserver/internal/database/database.go:34.2,35.29 2 0
httpsserver/internal/database/database.go:39.29,41.2 1 0
httpsserver/internal/database/database.go:44.93,51.34 4 0
httpsserver/internal/database/database.go:51.34,53.3 1 0
httpsserver/internal/database/database.go:54.2,54.32 1 0
httpsserver/internal/database/database.go:54.32,56.3 1 0
httpsserver/internal/database/database.go:57.2,57.33 1 0
httpsserver/internal/database/database.go:57.33,59.3 1 0
httpsserver/internal/database/database.go:60.2,60.31 1 0
httpsserver/internal/database/database.go:60.31,62.3 1 0
httpsserver/internal/database/database.go:62.8,64.3 1 0
httpsserver/internal/database/database.go:67.2,67.34 1 0
httpsserver/internal/database/database.go:67.34,70.3 2 0
httpsserver/internal/database/database.go:71.2,71.32 1 0
httpsserver/internal/database/database.go:71.32,74.3 2 0
httpsserver/internal/database/database.go:75.2,75.35 1 0
httpsserver/internal/database/database.go:75.35,78.3 2 0
httpsserver/internal/database/database.go:79.2,79.33 1 0
httpsserver/internal/database/database.go:79.33,82.3 2 0
httpsserver/internal/database/database.go:83.2,83.33 1 0
httpsserver/internal/database/database.go:83.33,86.3 2 0
httpsserver/internal/database/database.go:87.2,87.36 1 0
httpsserver/internal/database/database.go:87.36,90.3 2 0
httpsserver/internal/database/database.go:91.2,91.29 1 0
httpsserver/internal/database/database.go:91.29,94.3 2 0
httpsserver/internal/database/database.go:97.2,98.29 2 0
httpsserver/internal/database/database.go:98.29,101.17 3 0
httpsserver/internal/database/database.go:101.17,103.4 1 0
httpsserver/internal/database/database.go:104.3,104.45 1 0
httpsserver/internal/database/database.go:108.2,114.16 5 0
httpsserver/internal/database/database.go:114.16,116.3 1 0
httpsserver/internal/database/database.go:117.2,121.18 3 0
httpsserver/internal/database/database.go:121.18,128.17 3 0
httpsserver/internal/database/database.go:128.17,130.4 1 0
httpsserver/internal/database/database.go:131.3,131.34 1 0
httpsserver/internal/database/database.go:134.2,135.29 2 0
httpsserver/internal/database/database.go:135.29,137.3 1 0
httpsserver/internal/database/database.go:139.2,139.28 1 0
httpsserver/pkg/response/response.go:12.59,17.2 1 1
httpsserver/pkg/response/response.go:20.81,26.2 1 1
httpsserver/pkg/response/response.go:29.55,34.2 1 1
httpsserver/internal/utils/cert.go:10.55,12.49 1 1
httpsserver/internal/utils/cert.go:12.49,14.3 1 1
httpsserver/internal/utils/cert.go:16.2,24.66 4 0
httpsserver/internal/utils/cert.go:28.39,31.2 2 1
httpsserver/internal/utils/cert.go:34.42,37.2 2 1
